d:\c++\code\final\mainwindow\x64\debug\verticalpriority.obj
d:\c++\code\final\mainwindow\x64\debug\diagonalprioritya.obj
d:\c++\code\final\mainwindow\x64\debug\main.obj
d:\c++\code\final\mainwindow\x64\debug\horizontalpriority.obj
d:\c++\code\final\mainwindow\x64\debug\diagonalpriority.obj
d:\c++\code\final\mainwindow\x64\debug\cv.obj
d:\c++\code\final\mainwindow\x64\debug\tnammath.obj
d:\c++\code\final\mainwindow\x64\debug\mainwindow.obj
d:\c++\code\final\mainwindow\x64\debug\rnamc.obj
d:\c++\code\final\mainwindow\x64\debug\tnam.obj
d:\c++\code\final\mainwindow\x64\debug\vc143.pdb
d:\c++\code\final\mainwindow\x64\debug\qrc_mainwindow.obj
d:\c++\code\final\mainwindow\x64\debug\moc_mainwindow.obj
d:\c++\code\final\mainwindow\x64\debug\mainwindow.ilk
d:\c++\code\final\mainwindow\x64\debug\mainwindow.exe
d:\c++\code\final\mainwindow\x64\debug\mainwindow.pdb
d:\c++\code\final\mainwindow\x64\debug\uic\ui_mainwindow.h
d:\c++\code\final\mainwindow\x64\debug\rcc\qrc_mainwindow.cpp
d:\c++\code\final\mainwindow\x64\debug\moc\moc_mainwindow.cpp
d:\c++\code\final\mainwindow\x64\debug\mainwindow.tlog\cl.11488.write.1.tlog
d:\c++\code\final\mainwindow\x64\debug\mainwindow.tlog\cl.command.1.tlog
d:\c++\code\final\mainwindow\x64\debug\mainwindow.tlog\cl.read.1.tlog
d:\c++\code\final\mainwindow\x64\debug\mainwindow.tlog\link.command.1.tlog
d:\c++\code\final\mainwindow\x64\debug\mainwindow.tlog\link.read.1.tlog
d:\c++\code\final\mainwindow\x64\debug\mainwindow.tlog\link.write.1.tlog
d:\c++\code\final\mainwindow\x64\debug\mainwindow.tlog\mainwindow.write.1u.tlog
d:\c++\code\final\mainwindow\x64\debug\mainwindow.tlog\moc.read.1u.tlog
d:\c++\code\final\mainwindow\x64\debug\mainwindow.tlog\moc.write.1u.tlog
d:\c++\code\final\mainwindow\x64\debug\mainwindow.tlog\rcc.read.1u.tlog
d:\c++\code\final\mainwindow\x64\debug\mainwindow.tlog\rcc.write.1u.tlog
d:\c++\code\final\mainwindow\x64\debug\mainwindow.tlog\uic.read.1u.tlog
d:\c++\code\final\mainwindow\x64\debug\mainwindow.tlog\uic.write.1u.tlog
